Using pre-set license
Built from '2022.3/staging' branch; Version is '2022.3.14f1 (eff2de9070d8) revision 15725278'; Using compiler version '192829333'; Build Type 'Release'
OS: 'Windows 10  (10.0.19044) 64bit Professional' Language: 'en' Physical Memory: 16267 MB
BatchMode: 1, IsHumanControllingUs: 0, StartBugReporterOnCrash: 0, Is64bit: 1, IsPro: 1

COMMAND LINE ARGUMENTS:
D:\prounity\2022.3.14f1\Editor\Unity.exe
-adb2
-batchMode
-noUpm
-name
AssetImportWorker0
-projectPath
Z:/คพ222/Lab_6104101332
-logFile
Logs/AssetImportWorker0.log
-srvPort
61998
Successfully changed project path to: Z:/คพ222/Lab_6104101332
Z:/คพ222/Lab_6104101332
[UnityMemory] Configuration Parameters - Can be set up in boot.config
    "memorysetup-bucket-allocator-granularity=16"
    "memorysetup-bucket-allocator-bucket-count=8"
    "memorysetup-bucket-allocator-block-size=33554432"
    "memorysetup-bucket-allocator-block-count=8"
    "memorysetup-main-allocator-block-size=16777216"
    "memorysetup-thread-allocator-block-size=16777216"
    "memorysetup-gfx-main-allocator-block-size=16777216"
    "memorysetup-gfx-thread-allocator-block-size=16777216"
    "memorysetup-cache-allocator-block-size=4194304"
    "memorysetup-typetree-allocator-block-size=2097152"
    "memorysetup-profiler-bucket-allocator-granularity=16"
    "memorysetup-profiler-bucket-allocator-bucket-count=8"
    "memorysetup-profiler-bucket-allocator-block-size=33554432"
    "memorysetup-profiler-bucket-allocator-block-count=8"
    "memorysetup-profiler-allocator-block-size=16777216"
    "memorysetup-profiler-editor-allocator-block-size=1048576"
    "memorysetup-temp-allocator-size-main=16777216"
    "memorysetup-job-temp-allocator-block-size=2097152"
    "memorysetup-job-temp-allocator-block-size-background=1048576"
    "memorysetup-job-temp-allocator-reduction-small-platforms=262144"
    "memorysetup-allocator-temp-initial-block-size-main=262144"
    "memorysetup-allocator-temp-initial-block-size-worker=262144"
    "memorysetup-temp-allocator-size-background-worker=32768"
    "memorysetup-temp-allocator-size-job-worker=262144"
    "memorysetup-temp-allocator-size-preload-manager=33554432"
    "memorysetup-temp-allocator-size-nav-mesh-worker=65536"
    "memorysetup-temp-allocator-size-audio-worker=65536"
    "memorysetup-temp-allocator-size-cloud-worker=32768"
    "memorysetup-temp-allocator-size-gi-baking-worker=262144"
    "memorysetup-temp-allocator-size-gfx=262144"
Player connection [16244] Host "[IP] 192.168.1.103 [Port] 0 [Flags] 2 [Guid] 1667428331 [EditorId] 1667428331 [Version] 1048832 [Id] WindowsEditor(7,DESKTOP-BI4K373) [Debug] 1 [PackageName] WindowsEditor [ProjectName] Editor" joined multi-casting on [225.0.0.222:54997]...

Player connection [16244] Host "[IP] 192.168.1.103 [Port] 0 [Flags] 2 [Guid] 1667428331 [EditorId] 1667428331 [Version] 1048832 [Id] WindowsEditor(7,DESKTOP-BI4K373) [Debug] 1 [PackageName] WindowsEditor [ProjectName] Editor" joined alternative multi-casting on [225.0.0.222:34997]...

[Physics::Module] Initialized MultithreadedJobDispatcher with 3 workers.
Refreshing native plugins compatible for Editor in 5465.07 ms, found 3 plugins.
Preloading 0 native plugins for Editor in 0.00 ms.
Initialize engine version: 2022.3.14f1 (eff2de9070d8)
[Subsystems] Discovering subsystems at path D:/prounity/2022.3.14f1/Editor/Data/Resources/UnitySubsystems
[Subsystems] Discovering subsystems at path Z:/คพ222/Lab_6104101332/Assets
GfxDevice: creating device client; threaded=0; jobified=0
Direct3D:
    Version:  Direct3D 11.0 [level 11.1]
    Renderer: NVIDIA GeForce GTX 1050 (ID=0x1c8d)
    Vendor:   NVIDIA
    VRAM:     4019 MB
    Driver:   31.0.15.4633
Initialize mono
Mono path[0] = 'D:/prounity/2022.3.14f1/Editor/Data/Managed'
Mono path[1] = 'D:/prounity/2022.3.14f1/Editor/Data/MonoBleedingEdge/lib/mono/unityjit-win32'
Mono config path = 'D:/prounity/2022.3.14f1/Editor/Data/MonoBleedingEdge/etc'
Using monoOptions --debugger-agent=transport=dt_socket,embedding=1,server=y,suspend=n,address=127.0.0.1:56336
Begin MonoManager ReloadAssembly
Registering precompiled unity dll's ...
Register platform support module: D:/prounity/2022.3.14f1/Editor/Data/PlaybackEngines/WebGLSupport/UnityEditor.WebGL.Extensions.dll
Register platform support module: D:/prounity/2022.3.14f1/Editor/Data/PlaybackEngines/WindowsStandaloneSupport/UnityEditor.WindowsStandalone.Extensions.dll
Registered in 1.277445 seconds.
- Loaded All Assemblies, in 36.763 seconds
Native extension for WindowsStandalone target not found
Native extension for WebGL target not found
Mono: successfully reloaded assembly
- Finished resetting the current domain, in  1.031 seconds
Domain Reload Profiling: 37752ms
	BeginReloadAssembly (20236ms)
		ExecutionOrderSort (0ms)
		DisableScriptedObjects (0ms)
		BackupInstance (0ms)
		ReleaseScriptingObjects (0ms)
		CreateAndSetChildDomain (1ms)
	RebuildCommonClasses (6439ms)
	RebuildNativeTypeToScriptingClass (545ms)
	initialDomainReloadingComplete (3138ms)
	LoadAllAssembliesAndSetupDomain (6362ms)
		LoadAssemblies (20295ms)
		RebuildTransferFunctionScriptingTraits (0ms)
		AnalyzeDomain (6258ms)
			TypeCache.Refresh (6254ms)
				TypeCache.ScanAssembly (5637ms)
			ScanForSourceGeneratedMonoScriptInfo (1ms)
			ResolveRequiredComponents (1ms)
	FinalizeReload (1032ms)
		ReleaseScriptCaches (0ms)
		RebuildScriptCaches (0ms)
		SetupLoadedEditorAssemblies (788ms)
			LogAssemblyErrors (0ms)
			InitializePlatformSupportModulesInManaged (39ms)
			SetLoadedEditorAssemblies (19ms)
			RefreshPlugins (0ms)
			BeforeProcessingInitializeOnLoad (11ms)
			ProcessInitializeOnLoadAttributes (588ms)
			ProcessInitializeOnLoadMethodAttributes (131ms)
			AfterProcessingInitializeOnLoad (0ms)
			EditorAssembliesLoaded (0ms)
		ExecutionOrderSort2 (0ms)
		AwakeInstancesAfterBackupRestoration (0ms)
========================================================================
Worker process is ready to serve import requests
Begin MonoManager ReloadAssembly
- Loaded All Assemblies, in 46.454 seconds
Refreshing native plugins compatible for Editor in 24.64 ms, found 3 plugins.
Native extension for WindowsStandalone target not found
Native extension for WebGL target not found
Package Manager log level set to [2]
[Package Manager] Server::EnsureServerProcessIsRunning -- launch failed, reason: Unity was launched with the -noUpm command-line argument
[Package Manager] UpmClient::Send -- Unable to send message (not connected to UPM process).
[Package Manager] Cannot connect to Unity Package Manager local server
Mono: successfully reloaded assembly
- Finished resetting the current domain, in 19.927 seconds
Domain Reload Profiling: 66395ms
	BeginReloadAssembly (10573ms)
		ExecutionOrderSort (0ms)
		DisableScriptedObjects (685ms)
		BackupInstance (0ms)
		ReleaseScriptingObjects (9ms)
		CreateAndSetChildDomain (1032ms)
	RebuildCommonClasses (12420ms)
	RebuildNativeTypeToScriptingClass (4170ms)
	initialDomainReloadingComplete (816ms)
	LoadAllAssembliesAndSetupDomain (18483ms)
		LoadAssemblies (16931ms)
		RebuildTransferFunctionScriptingTraits (0ms)
		AnalyzeDomain (6733ms)
			TypeCache.Refresh (6343ms)
				TypeCache.ScanAssembly (5391ms)
			ScanForSourceGeneratedMonoScriptInfo (290ms)
			ResolveRequiredComponents (97ms)
	FinalizeReload (19934ms)
		ReleaseScriptCaches (0ms)
		RebuildScriptCaches (0ms)
		SetupLoadedEditorAssemblies (17117ms)
			LogAssemblyErrors (0ms)
			InitializePlatformSupportModulesInManaged (534ms)
			SetLoadedEditorAssemblies (163ms)
			RefreshPlugins (0ms)
			BeforeProcessingInitializeOnLoad (1484ms)
			ProcessInitializeOnLoadAttributes (14707ms)
			ProcessInitializeOnLoadMethodAttributes (216ms)
			AfterProcessingInitializeOnLoad (13ms)
			EditorAssembliesLoaded (0ms)
		ExecutionOrderSort2 (0ms)
		AwakeInstancesAfterBackupRestoration (56ms)
Launched and connected shader compiler UnityShaderCompiler.exe after 0.62 seconds
Refreshing native plugins compatible for Editor in 22.09 ms, found 3 plugins.
Preloading 0 native plugins for Editor in 0.00 ms.
Unloading 3083 Unused Serialized files (Serialized files now loaded: 0)
Unloading 32 unused Assets / (56.7 KB). Loaded Objects now: 3544.
Memory consumption went from 122.4 MB to 122.4 MB.
Total: 24.405100 ms (FindLiveObjects: 1.851600 ms CreateObjectMapping: 1.196900 ms MarkObjects: 21.183100 ms  DeleteObjects: 0.169100 ms)

AssetImportParameters requested are different than current active one (requested -> active):
  custom:container-demuxer-ogg: 62fdf1f143b41e24485cea50d1cbac27 -> 
  custom:video-decoder-ogg-theora: a1e56fd34408186e4bbccfd4996cb3dc -> 
  custom:framework-win-MediaFoundation: 216162199b28c13a410421893ffa2e32 -> 
  custom:CustomObjectIndexerAttribute: 756ad292c208cfabdd7b50bc23989ffe -> 
  custom:container-demuxer-webm: 4f35f7cbe854078d1ac9338744f61a02 -> 
  custom:container-muxer-webm: aa71ff27fc2769a1b78a27578f13a17b -> 
  custom:video-decoder-webm-vp8: 9c59270c3fd7afecdb556c50c9e8de78 -> 
  custom:SearchIndexIgnoredProperties: e643bd26f0fe6173181afceb89e7c659 -> 
  custom:AudioImporter_EditorPlatform: d09bf68614088b80899f8185d706f6e7 -> 
  custom:video-encoder-webm-vp8: eb34c28f22e8b96e1ab97ce403110664 -> 
  custom:audio-decoder-ogg-vorbis: bf7c407c2cedff20999df2af8eb42d56 -> 
  custom:audio-encoder-webm-vorbis: bf7c407c2cedff20999df2af8eb42d56 -> 
========================================================================
Received Import Request.
  Time since last request: 44356.477407 seconds.
  path: Assets/Idile.fbx
  artifactKey: Guid(8fd76162631ccd44cba39d207e407e14) Importer(2089858483,0ecaa5967403d082aa24f35e1b516d23)
Start importing Assets/Idile.fbx using Guid(8fd76162631ccd44cba39d207e407e14) Importer(2089858483,0ecaa5967403d082aa24f35e1b516d23) Generated GUIDs only implemented for interfaces!
 -> (artifact id: '3a227cbba732866d7ac6cd25cb15904f') in 2.259806 seconds
Number of updated asset objects reloaded before import = 0
Number of asset objects unloaded after import = 135
========================================================================
Received Import Request.
  Time since last request: 0.000061 seconds.
  path: Assets/52883881_1403744803101367_5792552813645004800_n.jpg
  artifactKey: Guid(6628056d191ef1041894f60b25fe5905) Importer(2089858483,0ecaa5967403d082aa24f35e1b516d23)
Start importing Assets/52883881_1403744803101367_5792552813645004800_n.jpg using Guid(6628056d191ef1041894f60b25fe5905) Importer(2089858483,0ecaa5967403d082aa24f35e1b516d23) Generated GUIDs only implemented for interfaces!
 -> (artifact id: '5c8b84f590204d0f52a2417ede24d003') in 21.144281 seconds
Number of updated asset objects reloaded before import = 0
Number of asset objects unloaded after import = 1
========================================================================
Received Import Request.
  Time since last request: 0.000359 seconds.
  path: Assets/Ch46_body.mat
  artifactKey: Guid(6e058389069a4ff489810ba684af03c4) Importer(2089858483,0ecaa5967403d082aa24f35e1b516d23)
Start importing Assets/Ch46_body.mat using Guid(6e058389069a4ff489810ba684af03c4) Importer(2089858483,0ecaa5967403d082aa24f35e1b516d23) Generated GUIDs only implemented for interfaces!
 -> (artifact id: 'd23a935cb8e20203e493849c4d480576') in 3.279990 seconds
Number of updated asset objects reloaded before import = 0
Number of asset objects unloaded after import = 3
========================================================================
Received Import Request.
  Time since last request: 0.000454 seconds.
  path: Assets/Scenes/Ch46_1001_Specular 1.png
  artifactKey: Guid(03acd64a6d5a94043a80a7bafbde2c29) Importer(2089858483,0ecaa5967403d082aa24f35e1b516d23)
Start importing Assets/Scenes/Ch46_1001_Specular 1.png using Guid(03acd64a6d5a94043a80a7bafbde2c29) Importer(2089858483,0ecaa5967403d082aa24f35e1b516d23) Generated GUIDs only implemented for interfaces!
 -> (artifact id: 'd1204fe883fdd24dbd08ae626342893a') in 1.599239 seconds
Number of updated asset objects reloaded before import = 0
Number of asset objects unloaded after import = 1
========================================================================
Received Import Request.
  Time since last request: 0.000867 seconds.
  path: Assets/Scenes/Ch46_1001_Glossiness.png
  artifactKey: Guid(3ab5c77d1005ad54aa49e19be18ac668) Importer(2089858483,0ecaa5967403d082aa24f35e1b516d23)
Start importing Assets/Scenes/Ch46_1001_Glossiness.png using Guid(3ab5c77d1005ad54aa49e19be18ac668) Importer(2089858483,0ecaa5967403d082aa24f35e1b516d23) Generated GUIDs only implemented for interfaces!
 -> (artifact id: '93c423dc1614ed44b9694495183ff4cc') in 1.311966 seconds
Number of updated asset objects reloaded before import = 0
Number of asset objects unloaded after import = 1
========================================================================
Received Import Request.
  Time since last request: 0.000051 seconds.
  path: Assets/Scenes/Ch46_1001_Glossiness 1.png
  artifactKey: Guid(86d88c23a3896d544864ab5aa45aea46) Importer(2089858483,0ecaa5967403d082aa24f35e1b516d23)
Start importing Assets/Scenes/Ch46_1001_Glossiness 1.png using Guid(86d88c23a3896d544864ab5aa45aea46) Importer(2089858483,0ecaa5967403d082aa24f35e1b516d23) Generated GUIDs only implemented for interfaces!
 -> (artifact id: '7204de0d1a440510f5eadd06c2f866cb') in 0.670990 seconds
Number of updated asset objects reloaded before import = 0
Number of asset objects unloaded after import = 1
========================================================================
Received Import Request.
  Time since last request: 0.000063 seconds.
  path: Assets/Scenes/SampleScene.unity
  artifactKey: Guid(9fc0d4010bbf28b4594072e72b8655ab) Importer(2089858483,0ecaa5967403d082aa24f35e1b516d23)
Start importing Assets/Scenes/SampleScene.unity using Guid(9fc0d4010bbf28b4594072e72b8655ab) Importer(2089858483,0ecaa5967403d082aa24f35e1b516d23) Generated GUIDs only implemented for interfaces!
 -> (artifact id: '5b8ca3d07efb3588d7de3b0d2d090200') in 0.257807 seconds
Number of updated asset objects reloaded before import = 0
Number of asset objects unloaded after import = 1
========================================================================
Received Import Request.
  Time since last request: 0.000045 seconds.
  path: Assets/Scenes/Ch46_1001_Diffuse.png
  artifactKey: Guid(4fa07738235b6a046ad08ddf617bce27) Importer(2089858483,0ecaa5967403d082aa24f35e1b516d23)
Start importing Assets/Scenes/Ch46_1001_Diffuse.png using Guid(4fa07738235b6a046ad08ddf617bce27) Importer(2089858483,0ecaa5967403d082aa24f35e1b516d23) Generated GUIDs only implemented for interfaces!
 -> (artifact id: '2cc400bf0166cb6628f2604f9cd9068a') in 1.051390 seconds
Number of updated asset objects reloaded before import = 0
Number of asset objects unloaded after import = 1
========================================================================
Received Import Request.
  Time since last request: 0.000088 seconds.
  path: Assets/Scenes/Ch46_1001_Specular.png
  artifactKey: Guid(ef2cdc6978f93754da2bee705e7056b7) Importer(2089858483,0ecaa5967403d082aa24f35e1b516d23)
Start importing Assets/Scenes/Ch46_1001_Specular.png using Guid(ef2cdc6978f93754da2bee705e7056b7) Importer(2089858483,0ecaa5967403d082aa24f35e1b516d23) Generated GUIDs only implemented for interfaces!
 -> (artifact id: 'b5a8b1264ce88df5a87e2eef05676b2f') in 1.505982 seconds
Number of updated asset objects reloaded before import = 0
Number of asset objects unloaded after import = 1
========================================================================
Received Import Request.
  Time since last request: 0.000521 seconds.
  path: Assets/T-pose.fbx
  artifactKey: Guid(0d8c8757f34f037418c3a6e9ef823f96) Importer(2089858483,0ecaa5967403d082aa24f35e1b516d23)
Start importing Assets/T-pose.fbx using Guid(0d8c8757f34f037418c3a6e9ef823f96) Importer(2089858483,0ecaa5967403d082aa24f35e1b516d23) Generated GUIDs only implemented for interfaces!
 -> (artifact id: '0bbb37e93e0807d8bc9d2b7df0114fed') in 0.585768 seconds
Number of updated asset objects reloaded before import = 0
Number of asset objects unloaded after import = 141
========================================================================
Received Import Request.
  Time since last request: 0.000039 seconds.
  path: Assets/Run.fbx
  artifactKey: Guid(20a664e1d83d0044eaf9ed4932362997) Importer(2089858483,0ecaa5967403d082aa24f35e1b516d23)
Start importing Assets/Run.fbx using Guid(20a664e1d83d0044eaf9ed4932362997) Importer(2089858483,0ecaa5967403d082aa24f35e1b516d23) Generated GUIDs only implemented for interfaces!
 -> (artifact id: '26d357e4c221186b91ed318521b23dae') in 0.236005 seconds
Number of updated asset objects reloaded before import = 0
Number of asset objects unloaded after import = 135
========================================================================
Received Import Request.
  Time since last request: 0.000035 seconds.
  path: Assets/Scenes/Ch46_1001_Normal 1.png
  artifactKey: Guid(6e6fc84eead545a4e9e7157ef96efa22) Importer(2089858483,0ecaa5967403d082aa24f35e1b516d23)
Start importing Assets/Scenes/Ch46_1001_Normal 1.png using Guid(6e6fc84eead545a4e9e7157ef96efa22) Importer(2089858483,0ecaa5967403d082aa24f35e1b516d23) Generated GUIDs only implemented for interfaces!
 -> (artifact id: '64a799142a31eabb52e08654d9939551') in 0.306841 seconds
Number of updated asset objects reloaded before import = 0
Number of asset objects unloaded after import = 1
========================================================================
Received Import Request.
  Time since last request: 0.000047 seconds.
  path: Assets/Scenes/Ch46_1001_Normal.png
  artifactKey: Guid(d5311696e4d92664393992ed7a4741fb) Importer(2089858483,0ecaa5967403d082aa24f35e1b516d23)
Start importing Assets/Scenes/Ch46_1001_Normal.png using Guid(d5311696e4d92664393992ed7a4741fb) Importer(2089858483,0ecaa5967403d082aa24f35e1b516d23) Generated GUIDs only implemented for interfaces!
 -> (artifact id: '42006f2f835bf7562290b85cf39458a4') in 0.271044 seconds
Number of updated asset objects reloaded before import = 0
Number of asset objects unloaded after import = 1
========================================================================
Received Import Request.
  Time since last request: 0.000028 seconds.
  path: Assets/Character Movement.cs
  artifactKey: Guid(87a91608cd1b4fa468ade352d1def8c6) Importer(2089858483,0ecaa5967403d082aa24f35e1b516d23)
Start importing Assets/Character Movement.cs using Guid(87a91608cd1b4fa468ade352d1def8c6) Importer(2089858483,0ecaa5967403d082aa24f35e1b516d23) Generated GUIDs only implemented for interfaces!
 -> (artifact id: 'eb5133dc8c9abca99cc8a5627eb10a34') in 0.084548 seconds
Number of updated asset objects reloaded before import = 0
Number of asset objects unloaded after import = 1
========================================================================
Received Import Request.
  Time since last request: 0.000042 seconds.
  path: Assets/Player.controller
  artifactKey: Guid(57eec7e3d7835474bbbda1ace9ee36c7) Importer(2089858483,0ecaa5967403d082aa24f35e1b516d23)
Start importing Assets/Player.controller using Guid(57eec7e3d7835474bbbda1ace9ee36c7) Importer(2089858483,0ecaa5967403d082aa24f35e1b516d23) Generated GUIDs only implemented for interfaces!
 -> (artifact id: '5029472a7ea4091d4bfd6413c65efe76') in 0.247563 seconds
Number of updated asset objects reloaded before import = 0
Number of asset objects unloaded after import = 8
========================================================================
Received Import Request.
  Time since last request: 0.000039 seconds.
  path: Assets/It me.mat
  artifactKey: Guid(4cea2cae0484e214596a2c150a8a598e) Importer(2089858483,0ecaa5967403d082aa24f35e1b516d23)
Start importing Assets/It me.mat using Guid(4cea2cae0484e214596a2c150a8a598e) Importer(2089858483,0ecaa5967403d082aa24f35e1b516d23) Generated GUIDs only implemented for interfaces!
 -> (artifact id: '8f46d38c384cbc59c649563f2737de29') in 0.128545 seconds
Number of updated asset objects reloaded before import = 0
Number of asset objects unloaded after import = 2
========================================================================
Received Import Request.
  Time since last request: 0.006016 seconds.
  path: Assets/Scenes/Ch46_1001_Diffuse 1.png
  artifactKey: Guid(7c2d9d28101845a4f9eac97903deaaff) Importer(2089858483,0ecaa5967403d082aa24f35e1b516d23)
Start importing Assets/Scenes/Ch46_1001_Diffuse 1.png using Guid(7c2d9d28101845a4f9eac97903deaaff) Importer(2089858483,0ecaa5967403d082aa24f35e1b516d23) Generated GUIDs only implemented for interfaces!
 -> (artifact id: '648002bc614c632f61b7863afe2076e9') in 0.224374 seconds
Number of updated asset objects reloaded before import = 0
Number of asset objects unloaded after import = 1
